<?xml version="1.0" encoding="UTF-8"?>
<!-- Generated by org.testng.reporters.JUnitXMLReporter -->
<testsuite hostname="Dosi" ignored="0" name="RubikloudAssessmentTestsFails" tests="2" failures="2" timestamp="08 Apr 2019 05:35:17 GMT" time="47.241" errors="0">
  <testcase name="checkAutopilotFeeInTotalCash" time="12.894" classname="com.tesla.tests.RubikloudAssessmentTestsFails">
    <failure type="java.lang.AssertionError" message="Expected &amp;apos;Total cash with AP&amp;apos; - 1000 but found - 118800. |  expected [1000] but found [118800]">
      <![CDATA[java.lang.AssertionError: Expected 'Total cash with AP' - 1000 but found - 118800. |  expected [1000] but found [118800]
at com.tesla.tests.RubikloudAssessmentTestsFails.checkAutopilotFeeInTotalCash(RubikloudAssessmentTestsFails.java:65)
... Removed 30 stack frames]]>
    </failure>
  </testcase> <!-- checkAutopilotFeeInTotalCash -->
  <testcase name="checkCarbonImpactCanada" time="7.763" classname="com.tesla.tests.RubikloudAssessmentTestsFails">
    <failure type="java.lang.AssertionError" message="Expected &amp;apos;Canadaaa&amp;apos; to be 5th saver but found Canada. |  expected [Canadaaa] but found [Canada]">
      <![CDATA[java.lang.AssertionError: Expected 'Canadaaa' to be 5th saver but found Canada. |  expected [Canadaaa] but found [Canada]
at com.tesla.tests.RubikloudAssessmentTestsFails.checkCarbonImpactCanada(RubikloudAssessmentTestsFails.java:91)
... Removed 30 stack frames]]>
    </failure>
  </testcase> <!-- checkCarbonImpactCanada -->
</testsuite> <!-- RubikloudAssessmentTestsFails -->
