<?xml version="1.0" encoding="UTF-8"?>
<testng-results skipped="0" failed="2" ignored="0" total="4" passed="2">
  <reporter-output>
  </reporter-output>
  <suite name="Rubikloud Assessment - Tesla" duration-ms="98044" started-at="2019-04-08T05:37:18Z" finished-at="2019-04-08T05:38:56Z">
    <groups>
    </groups>
    <test name="RubikloudAssessmentTests" duration-ms="49088" started-at="2019-04-08T05:37:18Z" finished-at="2019-04-08T05:38:07Z">
      <class name="com.tesla.tests.RubikloudAssessmentTests">
        <test-method status="PASS" signature="setup()[pri:0, instance:com.tesla.tests.RubikloudAssessmentTests@21bcffb5]" name="setup" is-config="true" duration-ms="2864" started-at="2019-04-08T05:37:18Z" finished-at="2019-04-08T05:37:21Z">
          <reporter-output>
          </reporter-output>
        </test-method> <!-- setup -->
        <test-method status="PASS" signature="checkAutopilotFeeInTotalCash()[pri:1, instance:com.tesla.tests.RubikloudAssessmentTests@21bcffb5]" name="checkAutopilotFeeInTotalCash" duration-ms="13119" started-at="2019-04-08T05:37:21Z" finished-at="2019-04-08T05:37:34Z">
          <reporter-output>
          </reporter-output>
        </test-method> <!-- checkAutopilotFeeInTotalCash -->
        <test-method status="PASS" signature="teardown()[pri:0, instance:com.tesla.tests.RubikloudAssessmentTests@21bcffb5]" name="teardown" is-config="true" duration-ms="11246" started-at="2019-04-08T05:37:34Z" finished-at="2019-04-08T05:37:45Z">
          <reporter-output>
          </reporter-output>
        </test-method> <!-- teardown -->
        <test-method status="PASS" signature="setup()[pri:0, instance:com.tesla.tests.RubikloudAssessmentTests@21bcffb5]" name="setup" is-config="true" duration-ms="2663" started-at="2019-04-08T05:37:45Z" finished-at="2019-04-08T05:37:48Z">
          <reporter-output>
          </reporter-output>
        </test-method> <!-- setup -->
        <test-method status="PASS" signature="checkCarbonImpactCanada()[pri:2, instance:com.tesla.tests.RubikloudAssessmentTests@21bcffb5]" name="checkCarbonImpactCanada" duration-ms="7035" started-at="2019-04-08T05:37:48Z" finished-at="2019-04-08T05:37:55Z">
          <reporter-output>
          </reporter-output>
        </test-method> <!-- checkCarbonImpactCanada -->
        <test-method status="PASS" signature="teardown()[pri:0, instance:com.tesla.tests.RubikloudAssessmentTests@21bcffb5]" name="teardown" is-config="true" duration-ms="12112" started-at="2019-04-08T05:37:55Z" finished-at="2019-04-08T05:38:07Z">
          <reporter-output>
          </reporter-output>
        </test-method> <!-- teardown -->
      </class> <!-- com.tesla.tests.RubikloudAssessmentTests -->
    </test> <!-- RubikloudAssessmentTests -->
    <test name="RubikloudAssessmentTestsFails" duration-ms="48655" started-at="2019-04-08T05:38:07Z" finished-at="2019-04-08T05:38:56Z">
      <class name="com.tesla.tests.RubikloudAssessmentTestsFails">
        <test-method status="PASS" signature="setup()[pri:0, instance:com.tesla.tests.RubikloudAssessmentTestsFails@2d554825]" name="setup" is-config="true" duration-ms="2661" started-at="2019-04-08T05:38:07Z" finished-at="2019-04-08T05:38:10Z">
          <reporter-output>
          </reporter-output>
        </test-method> <!-- setup -->
        <test-method status="FAIL" signature="checkAutopilotFeeInTotalCashFails()[pri:1, instance:com.tesla.tests.RubikloudAssessmentTestsFails@2d554825]" name="checkAutopilotFeeInTotalCashFails" duration-ms="12662" started-at="2019-04-08T05:38:10Z" finished-at="2019-04-08T05:38:23Z">
          <exception class="java.lang.AssertionError">
            <message>
              <![CDATA[Expected 'Total cash with AP' - 1000 but found - 118800. |  expected [1000] but found [118800]]]>
            </message>
            <full-stacktrace>
              <![CDATA[java.lang.AssertionError: Expected 'Total cash with AP' - 1000 but found - 118800. |  expected [1000] but found [118800]
at org.testng.Assert.fail(Assert.java:96)
at org.testng.Assert.failNotEquals(Assert.java:776)
at org.testng.Assert.assertEqualsImpl(Assert.java:137)
at org.testng.Assert.assertEquals(Assert.java:118)
at org.testng.Assert.assertEquals(Assert.java:453)
at com.tesla.tests.RubikloudAssessmentTestsFails.checkAutopilotFeeInTotalCashFails(RubikloudAssessmentTestsFails.java:65)
at sun.reflect.NativeMethodAccessorImpl.invoke0(Native Method)
at sun.reflect.NativeMethodAccessorImpl.invoke(NativeMethodAccessorImpl.java:62)
at sun.reflect.DelegatingMethodAccessorImpl.invoke(DelegatingMethodAccessorImpl.java:43)
at java.lang.reflect.Method.invoke(Method.java:498)
at org.testng.internal.MethodInvocationHelper.invokeMethod(MethodInvocationHelper.java:124)
at org.testng.internal.Invoker.invokeMethod(Invoker.java:583)
at org.testng.internal.Invoker.invokeTestMethod(Invoker.java:719)
at org.testng.internal.Invoker.invokeTestMethods(Invoker.java:989)
at org.testng.internal.TestMethodWorker.invokeTestMethods(TestMethodWorker.java:125)
at org.testng.internal.TestMethodWorker.run(TestMethodWorker.java:109)
at org.testng.TestRunner.privateRun(TestRunner.java:648)
at org.testng.TestRunner.run(TestRunner.java:505)
at org.testng.SuiteRunner.runTest(SuiteRunner.java:455)
at org.testng.SuiteRunner.runSequentially(SuiteRunner.java:450)
at org.testng.SuiteRunner.privateRun(SuiteRunner.java:415)
at org.testng.SuiteRunner.run(SuiteRunner.java:364)
at org.testng.SuiteRunnerWorker.runSuite(SuiteRunnerWorker.java:52)
at org.testng.SuiteRunnerWorker.run(SuiteRunnerWorker.java:84)
at org.testng.TestNG.runSuitesSequentially(TestNG.java:1208)
at org.testng.TestNG.runSuitesLocally(TestNG.java:1137)
at org.testng.TestNG.runSuites(TestNG.java:1049)
at org.testng.TestNG.run(TestNG.java:1017)
at org.apache.maven.surefire.testng.TestNGExecutor.run(TestNGExecutor.java:282)
at org.apache.maven.surefire.testng.TestNGXmlTestSuite.execute(TestNGXmlTestSuite.java:83)
at org.apache.maven.surefire.testng.TestNGProvider.invoke(TestNGProvider.java:114)
at org.apache.maven.surefire.booter.ForkedBooter.invokeProviderInSameClassLoader(ForkedBooter.java:286)
at org.apache.maven.surefire.booter.ForkedBooter.runSuitesInProcess(ForkedBooter.java:240)
at org.apache.maven.surefire.booter.ForkedBooter.main(ForkedBooter.java:121)
]]>
            </full-stacktrace>
          </exception> <!-- java.lang.AssertionError -->
          <reporter-output>
          </reporter-output>
        </test-method> <!-- checkAutopilotFeeInTotalCashFails -->
        <test-method status="PASS" signature="teardown()[pri:0, instance:com.tesla.tests.RubikloudAssessmentTestsFails@2d554825]" name="teardown" is-config="true" duration-ms="12051" started-at="2019-04-08T05:38:23Z" finished-at="2019-04-08T05:38:35Z">
          <reporter-output>
          </reporter-output>
        </test-method> <!-- teardown -->
        <test-method status="PASS" signature="setup()[pri:0, instance:com.tesla.tests.RubikloudAssessmentTestsFails@2d554825]" name="setup" is-config="true" duration-ms="3311" started-at="2019-04-08T05:38:35Z" finished-at="2019-04-08T05:38:39Z">
          <reporter-output>
          </reporter-output>
        </test-method> <!-- setup -->
        <test-method status="FAIL" signature="checkCarbonImpactCanadaFails()[pri:2, instance:com.tesla.tests.RubikloudAssessmentTestsFails@2d554825]" name="checkCarbonImpactCanadaFails" duration-ms="6946" started-at="2019-04-08T05:38:39Z" finished-at="2019-04-08T05:38:46Z">
          <exception class="java.lang.AssertionError">
            <message>
              <![CDATA[Expected 'Canadaaa' to be 5th saver but found Canada. |  expected [Canadaaa] but found [Canada]]]>
            </message>
            <full-stacktrace>
              <![CDATA[java.lang.AssertionError: Expected 'Canadaaa' to be 5th saver but found Canada. |  expected [Canadaaa] but found [Canada]
at org.testng.Assert.fail(Assert.java:96)
at org.testng.Assert.failNotEquals(Assert.java:776)
at org.testng.Assert.assertEqualsImpl(Assert.java:137)
at org.testng.Assert.assertEquals(Assert.java:118)
at org.testng.Assert.assertEquals(Assert.java:453)
at com.tesla.tests.RubikloudAssessmentTestsFails.checkCarbonImpactCanadaFails(RubikloudAssessmentTestsFails.java:91)
at sun.reflect.NativeMethodAccessorImpl.invoke0(Native Method)
at sun.reflect.NativeMethodAccessorImpl.invoke(NativeMethodAccessorImpl.java:62)
at sun.reflect.DelegatingMethodAccessorImpl.invoke(DelegatingMethodAccessorImpl.java:43)
at java.lang.reflect.Method.invoke(Method.java:498)
at org.testng.internal.MethodInvocationHelper.invokeMethod(MethodInvocationHelper.java:124)
at org.testng.internal.Invoker.invokeMethod(Invoker.java:583)
at org.testng.internal.Invoker.invokeTestMethod(Invoker.java:719)
at org.testng.internal.Invoker.invokeTestMethods(Invoker.java:989)
at org.testng.internal.TestMethodWorker.invokeTestMethods(TestMethodWorker.java:125)
at org.testng.internal.TestMethodWorker.run(TestMethodWorker.java:109)
at org.testng.TestRunner.privateRun(TestRunner.java:648)
at org.testng.TestRunner.run(TestRunner.java:505)
at org.testng.SuiteRunner.runTest(SuiteRunner.java:455)
at org.testng.SuiteRunner.runSequentially(SuiteRunner.java:450)
at org.testng.SuiteRunner.privateRun(SuiteRunner.java:415)
at org.testng.SuiteRunner.run(SuiteRunner.java:364)
at org.testng.SuiteRunnerWorker.runSuite(SuiteRunnerWorker.java:52)
at org.testng.SuiteRunnerWorker.run(SuiteRunnerWorker.java:84)
at org.testng.TestNG.runSuitesSequentially(TestNG.java:1208)
at org.testng.TestNG.runSuitesLocally(TestNG.java:1137)
at org.testng.TestNG.runSuites(TestNG.java:1049)
at org.testng.TestNG.run(TestNG.java:1017)
at org.apache.maven.surefire.testng.TestNGExecutor.run(TestNGExecutor.java:282)
at org.apache.maven.surefire.testng.TestNGXmlTestSuite.execute(TestNGXmlTestSuite.java:83)
at org.apache.maven.surefire.testng.TestNGProvider.invoke(TestNGProvider.java:114)
at org.apache.maven.surefire.booter.ForkedBooter.invokeProviderInSameClassLoader(ForkedBooter.java:286)
at org.apache.maven.surefire.booter.ForkedBooter.runSuitesInProcess(ForkedBooter.java:240)
at org.apache.maven.surefire.booter.ForkedBooter.main(ForkedBooter.java:121)
]]>
            </full-stacktrace>
          </exception> <!-- java.lang.AssertionError -->
          <reporter-output>
          </reporter-output>
        </test-method> <!-- checkCarbonImpactCanadaFails -->
        <test-method status="PASS" signature="teardown()[pri:0, instance:com.tesla.tests.RubikloudAssessmentTestsFails@2d554825]" name="teardown" is-config="true" duration-ms="10092" started-at="2019-04-08T05:38:46Z" finished-at="2019-04-08T05:38:56Z">
          <reporter-output>
          </reporter-output>
        </test-method> <!-- teardown -->
      </class> <!-- com.tesla.tests.RubikloudAssessmentTestsFails -->
    </test> <!-- RubikloudAssessmentTestsFails -->
  </suite> <!-- Rubikloud Assessment - Tesla -->
</testng-results>
